<?xml version="1.0" encoding="UTF-8"?>
<testsuite xmlns:xsi="http://www.w3.org/2001/XMLSchema-instance" xsi:noNamespaceSchemaLocation="https://maven.apache.org/surefire/maven-surefire-plugin/xsd/surefire-test-report.xsd" version="3.0.2" name="com.cognizant.spring_learn.SpringLearnApplicationTests" time="3.614" tests="1" errors="0" skipped="0" failures="0" flakes="0">
  <properties>
[...]
</properties>
  <testcase name="contextLoads" classname="com.cognizant.spring_learn.SpringLearnApplicationTests" time="0.821">
    <system-out><![CDATA[02:43:12.270 [main] INFO org.springframework.test.context.support.AnnotationConfigContextLoaderUtils -- Could not detect default configuration classes for test class [com.cognizant.spring_learn.SpringLearnApplicationTests]: SpringLearnApplicationTests does not declare any static, non-private, non-final, nested classes annotated with @Configuration.
02:43:12.422 [main] INFO org.springframework.boot.test.context.SpringBootTestContextBootstrapper -- Found @SpringBootConfiguration com.cognizant.spring_learn.SpringLearnApplication for test class com.cognizant.spring_learn.SpringLearnApplicationTests
02:43:12.591 [main] INFO org.springframework.test.context.support.AnnotationConfigContextLoaderUtils -- Could not detect default configuration classes for test class [com.cognizant.spring_learn.SpringLearnApplicationTests]: SpringLearnApplicationTests does not declare any static, non-private, non-final, nested classes annotated with @Configuration.
02:43:12.599 [main] INFO org.springframework.boot.test.context.SpringBootTestContextBootstrapper -- Found @SpringBootConfiguration com.cognizant.spring_learn.SpringLearnApplication for test class com.cognizant.spring_learn.SpringLearnApplicationTests
02:43:12.776 [main] INFO org.springframework.boot.devtools.restart.RestartApplicationListener -- Restart disabled due to context in which it is running

  .   ____          _            __ _ _
 /\\ / ___'_ __ _ _(_)_ __  __ _ \ \ \ \
( ( )\___ | '_ | '_| | '_ \/ _` | \ \ \ \
 \\/  ___)| |_)| | | | | || (_| |  ) ) ) )
  '  |____| .__|_| |_|_| |_\__, | / / / /
 =========|_|==============|___/=/_/_/_/

 :: Spring Boot ::                (v4.1.0)

2026-07-09T02:43:13.245+05:30  INFO 30812 --- [spring-learn] [           main] c.c.s.SpringLearnApplicationTests        : Starting SpringLearnApplicationTests using Java 20.0.1 with PID 30812 (started by KIIT0001 in C:\Users\KIIT0001\eclipse-workspace\spring-learn)
2026-07-09T02:43:13.249+05:30  INFO 30812 --- [spring-learn] [           main] c.c.s.SpringLearnApplicationTests        : No active profile set, falling back to 1 default profile: "default"
2026-07-09T02:43:14.610+05:30  INFO 30812 --- [spring-learn] [           main] c.c.s.SpringLearnApplicationTests        : Started SpringLearnApplicationTests in 1.857 seconds (process running for 3.639)
]]></system-out>
  </testcase>
</testsuite>